[32] 
[32]                             < M A T L A B (R) >
[32]                   Copyright 1984-2019 The MathWorks, Inc.
[32]               R2019a Update 3 (9.6.0.1135713) 64-bit (glnxa64)
[32]                                 June 5, 2019
[32] 
[30] 
[30]                             < M A T L A B (R) >
[30]                   Copyright 1984-2019 The MathWorks, Inc.
[30]               R2019a Update 3 (9.6.0.1135713) 64-bit (glnxa64)
[30]                                 June 5, 2019
[30] 
[27] 
[27]                             < M A T L A B (R) >
[27]                   Copyright 1984-2019 The MathWorks, Inc.
[27]               R2019a Update 3 (9.6.0.1135713) 64-bit (glnxa64)
[27]                                 June 5, 2019
[27] 
[26] 
[26]                             < M A T L A B (R) >
[26]                   Copyright 1984-2019 The MathWorks, Inc.
[26]               R2019a Update 3 (9.6.0.1135713) 64-bit (glnxa64)
[26]                                 June 5, 2019
[26] 
[25] 
[25]                             < M A T L A B (R) >
[25]                   Copyright 1984-2019 The MathWorks, Inc.
[25]               R2019a Update 3 (9.6.0.1135713) 64-bit (glnxa64)
[25]                                 June 5, 2019
[25] 
[23] 
[23]                             < M A T L A B (R) >
[23]                   Copyright 1984-2019 The MathWorks, Inc.
[23]               R2019a Update 3 (9.6.0.1135713) 64-bit (glnxa64)
[23]                                 June 5, 2019
[23] 
[11] 
[11]                             < M A T L A B (R) >
[11]                   Copyright 1984-2019 The MathWorks, Inc.
[11]               R2019a Update 3 (9.6.0.1135713) 64-bit (glnxa64)
[11]                                 June 5, 2019
[11] 
[8] 
[8]                             < M A T L A B (R) >
[8]                   Copyright 1984-2019 The MathWorks, Inc.
[8]               R2019a Update 3 (9.6.0.1135713) 64-bit (glnxa64)
[8]                                 June 5, 2019
[8] 
[5] 
[5]                             < M A T L A B (R) >
[5]                   Copyright 1984-2019 The MathWorks, Inc.
[5]               R2019a Update 3 (9.6.0.1135713) 64-bit (glnxa64)
[5]                                 June 5, 2019
[5] 
[4] 
[4]                             < M A T L A B (R) >
[4]                   Copyright 1984-2019 The MathWorks, Inc.
[4]               R2019a Update 3 (9.6.0.1135713) 64-bit (glnxa64)
[4]                                 June 5, 2019
[4] 
[0] 
[0]                             < M A T L A B (R) >
[0]                   Copyright 1984-2019 The MathWorks, Inc.
[0]               R2019a Update 3 (9.6.0.1135713) 64-bit (glnxa64)
[0]                                 June 5, 2019
[0] 
[20] 
[20]                             < M A T L A B (R) >
[20]                   Copyright 1984-2019 The MathWorks, Inc.
[20]               R2019a Update 3 (9.6.0.1135713) 64-bit (glnxa64)
[20]                                 June 5, 2019
[20] 
[8]  
[8] To get started, type doc.
[8] For product information, visit www.mathworks.com.
[8]  
[6] 
[6]                             < M A T L A B (R) >
[6]                   Copyright 1984-2019 The MathWorks, Inc.
[6]               R2019a Update 3 (9.6.0.1135713) 64-bit (glnxa64)
[6]                                 June 5, 2019
[6] 
[4]  
[4] To get started, type doc.
[4] For product information, visit www.mathworks.com.
[4]  
[31] 
[31]                             < M A T L A B (R) >
[31]                   Copyright 1984-2019 The MathWorks, Inc.
[31]               R2019a Update 3 (9.6.0.1135713) 64-bit (glnxa64)
[31]                                 June 5, 2019
[31] 
[26]  
[26] To get started, type doc.
[26] For product information, visit www.mathworks.com.
[26]  
[35] 
[35]                             < M A T L A B (R) >
[35]                   Copyright 1984-2019 The MathWorks, Inc.
[35]               R2019a Update 3 (9.6.0.1135713) 64-bit (glnxa64)
[35]                                 June 5, 2019
[35] 
[16] 
[16]                             < M A T L A B (R) >
[16]                   Copyright 1984-2019 The MathWorks, Inc.
[16]               R2019a Update 3 (9.6.0.1135713) 64-bit (glnxa64)
[16]                                 June 5, 2019
[16] 
[1] 
[1]                             < M A T L A B (R) >
[1]                   Copyright 1984-2019 The MathWorks, Inc.
[1]               R2019a Update 3 (9.6.0.1135713) 64-bit (glnxa64)
[1]                                 June 5, 2019
[1] 
[32]  
[27]  
[32] To get started, type doc.
[32] For product information, visit www.mathworks.com.
[32]  
[27] To get started, type doc.
[27] For product information, visit www.mathworks.com.
[27]  
[23]  
[23] To get started, type doc.
[23] For product information, visit www.mathworks.com.
[23]  
[21] 
[21]                             < M A T L A B (R) >
[21]                   Copyright 1984-2019 The MathWorks, Inc.
[21]               R2019a Update 3 (9.6.0.1135713) 64-bit (glnxa64)
[21]                                 June 5, 2019
[21] 
[13] 
[13]                             < M A T L A B (R) >
[13]                   Copyright 1984-2019 The MathWorks, Inc.
[13]               R2019a Update 3 (9.6.0.1135713) 64-bit (glnxa64)
[13]                                 June 5, 2019
[13] 
[5]  
[11]  
[11] To get started, type doc.
[11] For product information, visit www.mathworks.com.
[11]  
[5] To get started, type doc.
[5] For product information, visit www.mathworks.com.
[5]  
[30]  
[30] To get started, type doc.
[30] For product information, visit www.mathworks.com.
[30]  
[0]  
[0] To get started, type doc.
[0] For product information, visit www.mathworks.com.
[0]  
[31]  
[31] To get started, type doc.
[31] For product information, visit www.mathworks.com.
[31]  
[29] 
[29]                             < M A T L A B (R) >
[29]                   Copyright 1984-2019 The MathWorks, Inc.
[29]               R2019a Update 3 (9.6.0.1135713) 64-bit (glnxa64)
[29]                                 June 5, 2019
[29] 
[25]  
[25] To get started, type doc.
[25] For product information, visit www.mathworks.com.
[25]  
[20]  
[20] To get started, type doc.
[20] For product information, visit www.mathworks.com.
[20]  
[19] 
[19]                             < M A T L A B (R) >
[19]                   Copyright 1984-2019 The MathWorks, Inc.
[19]               R2019a Update 3 (9.6.0.1135713) 64-bit (glnxa64)
[19]                                 June 5, 2019
[19] 
[7] 
[7]                             < M A T L A B (R) >
[7]                   Copyright 1984-2019 The MathWorks, Inc.
[7]               R2019a Update 3 (9.6.0.1135713) 64-bit (glnxa64)
[7]                                 June 5, 2019
[7] 
[6]  
[6] To get started, type doc.
[6] For product information, visit www.mathworks.com.
[6]  
[28] 
[28]                             < M A T L A B (R) >
[28]                   Copyright 1984-2019 The MathWorks, Inc.
[28]               R2019a Update 3 (9.6.0.1135713) 64-bit (glnxa64)
[28]                                 June 5, 2019
[28] 
[22] 
[22]                             < M A T L A B (R) >
[22]                   Copyright 1984-2019 The MathWorks, Inc.
[22]               R2019a Update 3 (9.6.0.1135713) 64-bit (glnxa64)
[22]                                 June 5, 2019
[22] 
[17] 
[17]                             < M A T L A B (R) >
[17]                   Copyright 1984-2019 The MathWorks, Inc.
[17]               R2019a Update 3 (9.6.0.1135713) 64-bit (glnxa64)
[17]                                 June 5, 2019
[17] 
[12] 
[12]                             < M A T L A B (R) >
[12]                   Copyright 1984-2019 The MathWorks, Inc.
[12]               R2019a Update 3 (9.6.0.1135713) 64-bit (glnxa64)
[12]                                 June 5, 2019
[12] 
[3] 
[3]                             < M A T L A B (R) >
[3]                   Copyright 1984-2019 The MathWorks, Inc.
[3]               R2019a Update 3 (9.6.0.1135713) 64-bit (glnxa64)
[3]                                 June 5, 2019
[3] 
[16]  
[16] To get started, type doc.
[16] For product information, visit www.mathworks.com.
[16]  
[15] 
[15]                             < M A T L A B (R) >
[15]                   Copyright 1984-2019 The MathWorks, Inc.
[15]               R2019a Update 3 (9.6.0.1135713) 64-bit (glnxa64)
[15]                                 June 5, 2019
[15] 
[14] 
[14]                             < M A T L A B (R) >
[14]                   Copyright 1984-2019 The MathWorks, Inc.
[14]               R2019a Update 3 (9.6.0.1135713) 64-bit (glnxa64)
[14]                                 June 5, 2019
[14] 
[35]  
[35] To get started, type doc.
[35] For product information, visit www.mathworks.com.
[35]  
[1]  
[1] To get started, type doc.
[1] For product information, visit www.mathworks.com.
[1]  
[34] 
[34]                             < M A T L A B (R) >
[34]                   Copyright 1984-2019 The MathWorks, Inc.
[34]               R2019a Update 3 (9.6.0.1135713) 64-bit (glnxa64)
[34]                                 June 5, 2019
[34] 
[21]  
[13]  
[13] To get started, type doc.
[13] For product information, visit www.mathworks.com.
[13]  
[2] 
[2]                             < M A T L A B (R) >
[2]                   Copyright 1984-2019 The MathWorks, Inc.
[2]               R2019a Update 3 (9.6.0.1135713) 64-bit (glnxa64)
[2]                                 June 5, 2019
[2] 
[21] To get started, type doc.
[21] For product information, visit www.mathworks.com.
[21]  
[33] 
[33]                             < M A T L A B (R) >
[33]                   Copyright 1984-2019 The MathWorks, Inc.
[33]               R2019a Update 3 (9.6.0.1135713) 64-bit (glnxa64)
[33]                                 June 5, 2019
[33] 
[10] 
[10]                             < M A T L A B (R) >
[10]                   Copyright 1984-2019 The MathWorks, Inc.
[10]               R2019a Update 3 (9.6.0.1135713) 64-bit (glnxa64)
[10]                                 June 5, 2019
[10] 
[19]  
[19] To get started, type doc.
[19] For product information, visit www.mathworks.com.
[19]  
[18] 
[18]                             < M A T L A B (R) >
[18]                   Copyright 1984-2019 The MathWorks, Inc.
[18]               R2019a Update 3 (9.6.0.1135713) 64-bit (glnxa64)
[18]                                 June 5, 2019
[18] 
[17]  
[17] To get started, type doc.
[17] For product information, visit www.mathworks.com.
[17]  
[7]  
[7] To get started, type doc.
[7] For product information, visit www.mathworks.com.
[7]  
[29]  
[29] To get started, type doc.
[29] For product information, visit www.mathworks.com.
[29]  
[28]  
[28] To get started, type doc.
[28] For product information, visit www.mathworks.com.
[28]  
[24] 
[24]                             < M A T L A B (R) >
[24]                   Copyright 1984-2019 The MathWorks, Inc.
[24]               R2019a Update 3 (9.6.0.1135713) 64-bit (glnxa64)
[24]                                 June 5, 2019
[24] 
[22]  
[22] To get started, type doc.
[22] For product information, visit www.mathworks.com.
[22]  
[12]  
[12] To get started, type doc.
[12] For product information, visit www.mathworks.com.
[12]  
[9] 
[9]                             < M A T L A B (R) >
[9]                   Copyright 1984-2019 The MathWorks, Inc.
[9]               R2019a Update 3 (9.6.0.1135713) 64-bit (glnxa64)
[9]                                 June 5, 2019
[9] 
[3]  
[3] To get started, type doc.
[3] For product information, visit www.mathworks.com.
[3]  
[15]  
[15] To get started, type doc.
[15] For product information, visit www.mathworks.com.
[15]  
[14]  
[14] To get started, type doc.
[14] For product information, visit www.mathworks.com.
[14]  
[2]  
[34]  
[34] To get started, type doc.
[34] For product information, visit www.mathworks.com.
[34]  
[2] To get started, type doc.
[2] For product information, visit www.mathworks.com.
[2]  
[33]  
[33] To get started, type doc.
[33] For product information, visit www.mathworks.com.
[33]  
[10]  
[10] To get started, type doc.
[10] For product information, visit www.mathworks.com.
[10]  
[18]  
[18] To get started, type doc.
[18] For product information, visit www.mathworks.com.
[18]  
[24]  
[24] To get started, type doc.
[24] For product information, visit www.mathworks.com.
[24]  
[9]  
[9] To get started, type doc.
[9] For product information, visit www.mathworks.com.
[9]  
