[6] 
[6]                             < M A T L A B (R) >
[6]                   Copyright 1984-2019 The MathWorks, Inc.
[6]               R2019a Update 3 (9.6.0.1135713) 64-bit (glnxa64)
[6]                                 June 5, 2019
[6] 
[6]  
[6] To get started, type doc.
[6] For product information, visit www.mathworks.com.
[6]  
[5] 
[5]                             < M A T L A B (R) >
[5]                   Copyright 1984-2019 The MathWorks, Inc.
[5]               R2019a Update 3 (9.6.0.1135713) 64-bit (glnxa64)
[5]                                 June 5, 2019
[5] 
[4] 
[4]                             < M A T L A B (R) >
[4]                   Copyright 1984-2019 The MathWorks, Inc.
[4]               R2019a Update 3 (9.6.0.1135713) 64-bit (glnxa64)
[4]                                 June 5, 2019
[4] 
[3] 
[3]                             < M A T L A B (R) >
[3]                   Copyright 1984-2019 The MathWorks, Inc.
[3]               R2019a Update 3 (9.6.0.1135713) 64-bit (glnxa64)
[3]                                 June 5, 2019
[3] 
[2] 
[2]                             < M A T L A B (R) >
[2]                   Copyright 1984-2019 The MathWorks, Inc.
[2]               R2019a Update 3 (9.6.0.1135713) 64-bit (glnxa64)
[2]                                 June 5, 2019
[2] 
[1] 
[1]                             < M A T L A B (R) >
[1]                   Copyright 1984-2019 The MathWorks, Inc.
[1]               R2019a Update 3 (9.6.0.1135713) 64-bit (glnxa64)
[1]                                 June 5, 2019
[1] 
[0] 
[0]                             < M A T L A B (R) >
[0]                   Copyright 1984-2019 The MathWorks, Inc.
[0]               R2019a Update 3 (9.6.0.1135713) 64-bit (glnxa64)
[0]                                 June 5, 2019
[0] 
[5]  
[5] To get started, type doc.
[5] For product information, visit www.mathworks.com.
[5]  
[3]  
[3] To get started, type doc.
[3] For product information, visit www.mathworks.com.
[3]  
[2]  
[2] To get started, type doc.
[2] For product information, visit www.mathworks.com.
[2]  
[1]  
[1] To get started, type doc.
[1] For product information, visit www.mathworks.com.
[1]  
[0]  
[0] To get started, type doc.
[0] For product information, visit www.mathworks.com.
[0]  
[4]  
[4] To get started, type doc.
[4] For product information, visit www.mathworks.com.
[4]  
