[21] 
[21]                             < M A T L A B (R) >
[21]                   Copyright 1984-2019 The MathWorks, Inc.
[21]               R2019a Update 3 (9.6.0.1135713) 64-bit (glnxa64)
[21]                                 June 5, 2019
[21] 
[21]  
[21] To get started, type doc.
[21] For product information, visit www.mathworks.com.
[21]  
[32] 
[32]                             < M A T L A B (R) >
[32]                   Copyright 1984-2019 The MathWorks, Inc.
[32]               R2019a Update 3 (9.6.0.1135713) 64-bit (glnxa64)
[32]                                 June 5, 2019
[32] 
[25] 
[25]                             < M A T L A B (R) >
[25]                   Copyright 1984-2019 The MathWorks, Inc.
[25]               R2019a Update 3 (9.6.0.1135713) 64-bit (glnxa64)
[25]                                 June 5, 2019
[25] 
[22] 
[22]                             < M A T L A B (R) >
[22]                   Copyright 1984-2019 The MathWorks, Inc.
[22]               R2019a Update 3 (9.6.0.1135713) 64-bit (glnxa64)
[22]                                 June 5, 2019
[22] 
[10] 
[10]                             < M A T L A B (R) >
[10]                   Copyright 1984-2019 The MathWorks, Inc.
[10]               R2019a Update 3 (9.6.0.1135713) 64-bit (glnxa64)
[10]                                 June 5, 2019
[10] 
[18] 
[18]                             < M A T L A B (R) >
[18]                   Copyright 1984-2019 The MathWorks, Inc.
[18]               R2019a Update 3 (9.6.0.1135713) 64-bit (glnxa64)
[18]                                 June 5, 2019
[18] 
[16] 
[16]                             < M A T L A B (R) >
[16]                   Copyright 1984-2019 The MathWorks, Inc.
[16]               R2019a Update 3 (9.6.0.1135713) 64-bit (glnxa64)
[16]                                 June 5, 2019
[16] 
[28] 
[28]                             < M A T L A B (R) >
[28]                   Copyright 1984-2019 The MathWorks, Inc.
[28]               R2019a Update 3 (9.6.0.1135713) 64-bit (glnxa64)
[28]                                 June 5, 2019
[28] 
[27] 
[27]                             < M A T L A B (R) >
[27]                   Copyright 1984-2019 The MathWorks, Inc.
[27]               R2019a Update 3 (9.6.0.1135713) 64-bit (glnxa64)
[27]                                 June 5, 2019
[27] 
[35] 
[35]                             < M A T L A B (R) >
[35]                   Copyright 1984-2019 The MathWorks, Inc.
[35]               R2019a Update 3 (9.6.0.1135713) 64-bit (glnxa64)
[35]                                 June 5, 2019
[35] 
[32]  
[32] To get started, type doc.
[32] For product information, visit www.mathworks.com.
[32]  
[26] 
[26]                             < M A T L A B (R) >
[26]                   Copyright 1984-2019 The MathWorks, Inc.
[26]               R2019a Update 3 (9.6.0.1135713) 64-bit (glnxa64)
[26]                                 June 5, 2019
[26] 
[12] 
[12]                             < M A T L A B (R) >
[12]                   Copyright 1984-2019 The MathWorks, Inc.
[12]               R2019a Update 3 (9.6.0.1135713) 64-bit (glnxa64)
[12]                                 June 5, 2019
[12] 
[22]  
[22] To get started, type doc.
[22] For product information, visit www.mathworks.com.
[22]  
[25]  
[10]  
[10] To get started, type doc.
[10] For product information, visit www.mathworks.com.
[10]  
[25] To get started, type doc.
[25] For product information, visit www.mathworks.com.
[25]  
[18]  
[18] To get started, type doc.
[18] For product information, visit www.mathworks.com.
[18]  
[28]  
[28] To get started, type doc.
[28] For product information, visit www.mathworks.com.
[28]  
[27]  
[16]  
[16] To get started, type doc.
[16] For product information, visit www.mathworks.com.
[16]  
[35]  
[35] To get started, type doc.
[35] For product information, visit www.mathworks.com.
[35]  
[27] To get started, type doc.
[27] For product information, visit www.mathworks.com.
[27]  
[26]  
[26] To get started, type doc.
[26] For product information, visit www.mathworks.com.
[26]  
[34] 
[34]                             < M A T L A B (R) >
[34]                   Copyright 1984-2019 The MathWorks, Inc.
[34]               R2019a Update 3 (9.6.0.1135713) 64-bit (glnxa64)
[34]                                 June 5, 2019
[34] 
[12]  
[12] To get started, type doc.
[12] For product information, visit www.mathworks.com.
[12]  
[1] 
[1]                             < M A T L A B (R) >
[1]                   Copyright 1984-2019 The MathWorks, Inc.
[1]               R2019a Update 3 (9.6.0.1135713) 64-bit (glnxa64)
[1]                                 June 5, 2019
[1] 
[24] 
[24]                             < M A T L A B (R) >
[24]                   Copyright 1984-2019 The MathWorks, Inc.
[24]               R2019a Update 3 (9.6.0.1135713) 64-bit (glnxa64)
[24]                                 June 5, 2019
[24] 
[8] 
[8]                             < M A T L A B (R) >
[8]                   Copyright 1984-2019 The MathWorks, Inc.
[8]               R2019a Update 3 (9.6.0.1135713) 64-bit (glnxa64)
[8]                                 June 5, 2019
[8] 
[0] 
[0]                             < M A T L A B (R) >
[0]                   Copyright 1984-2019 The MathWorks, Inc.
[0]               R2019a Update 3 (9.6.0.1135713) 64-bit (glnxa64)
[0]                                 June 5, 2019
[0] 
[15] 
[15]                             < M A T L A B (R) >
[15]                   Copyright 1984-2019 The MathWorks, Inc.
[15]               R2019a Update 3 (9.6.0.1135713) 64-bit (glnxa64)
[15]                                 June 5, 2019
[15] 
[14] 
[14]                             < M A T L A B (R) >
[14]                   Copyright 1984-2019 The MathWorks, Inc.
[14]               R2019a Update 3 (9.6.0.1135713) 64-bit (glnxa64)
[14]                                 June 5, 2019
[14] 
[2] 
[2]                             < M A T L A B (R) >
[2]                   Copyright 1984-2019 The MathWorks, Inc.
[2]               R2019a Update 3 (9.6.0.1135713) 64-bit (glnxa64)
[2]                                 June 5, 2019
[2] 
[33] 
[33]                             < M A T L A B (R) >
[33]                   Copyright 1984-2019 The MathWorks, Inc.
[33]               R2019a Update 3 (9.6.0.1135713) 64-bit (glnxa64)
[33]                                 June 5, 2019
[33] 
[29] 
[29]                             < M A T L A B (R) >
[29]                   Copyright 1984-2019 The MathWorks, Inc.
[29]               R2019a Update 3 (9.6.0.1135713) 64-bit (glnxa64)
[29]                                 June 5, 2019
[29] 
[31] 
[31]                             < M A T L A B (R) >
[31]                   Copyright 1984-2019 The MathWorks, Inc.
[31]               R2019a Update 3 (9.6.0.1135713) 64-bit (glnxa64)
[31]                                 June 5, 2019
[31] 
[23] 
[23]                             < M A T L A B (R) >
[23]                   Copyright 1984-2019 The MathWorks, Inc.
[23]               R2019a Update 3 (9.6.0.1135713) 64-bit (glnxa64)
[23]                                 June 5, 2019
[23] 
[34]  
[5] 
[5]                             < M A T L A B (R) >
[5]                   Copyright 1984-2019 The MathWorks, Inc.
[5]               R2019a Update 3 (9.6.0.1135713) 64-bit (glnxa64)
[5]                                 June 5, 2019
[5] 
[1]  
[1] To get started, type doc.
[1] For product information, visit www.mathworks.com.
[1]  
[34] To get started, type doc.
[34] For product information, visit www.mathworks.com.
[34]  
[24]  
[24] To get started, type doc.
[24] For product information, visit www.mathworks.com.
[24]  
[8]  
[8] To get started, type doc.
[8] For product information, visit www.mathworks.com.
[8]  
[0]  
[0] To get started, type doc.
[0] For product information, visit www.mathworks.com.
[0]  
[19] 
[19]                             < M A T L A B (R) >
[19]                   Copyright 1984-2019 The MathWorks, Inc.
[19]               R2019a Update 3 (9.6.0.1135713) 64-bit (glnxa64)
[19]                                 June 5, 2019
[19] 
[3] 
[3]                             < M A T L A B (R) >
[3]                   Copyright 1984-2019 The MathWorks, Inc.
[3]               R2019a Update 3 (9.6.0.1135713) 64-bit (glnxa64)
[3]                                 June 5, 2019
[3] 
[15]  
[15] To get started, type doc.
[15] For product information, visit www.mathworks.com.
[15]  
[14]  
[14] To get started, type doc.
[14] For product information, visit www.mathworks.com.
[14]  
[17] 
[17]                             < M A T L A B (R) >
[17]                   Copyright 1984-2019 The MathWorks, Inc.
[17]               R2019a Update 3 (9.6.0.1135713) 64-bit (glnxa64)
[17]                                 June 5, 2019
[17] 
[9] 
[9]                             < M A T L A B (R) >
[9]                   Copyright 1984-2019 The MathWorks, Inc.
[9]               R2019a Update 3 (9.6.0.1135713) 64-bit (glnxa64)
[9]                                 June 5, 2019
[9] 
[4] 
[4]                             < M A T L A B (R) >
[4]                   Copyright 1984-2019 The MathWorks, Inc.
[4]               R2019a Update 3 (9.6.0.1135713) 64-bit (glnxa64)
[4]                                 June 5, 2019
[4] 
[20] 
[20]                             < M A T L A B (R) >
[20]                   Copyright 1984-2019 The MathWorks, Inc.
[20]               R2019a Update 3 (9.6.0.1135713) 64-bit (glnxa64)
[20]                                 June 5, 2019
[20] 
[2]  
[2] To get started, type doc.
[2] For product information, visit www.mathworks.com.
[2]  
[29]  
[29] To get started, type doc.
[29] For product information, visit www.mathworks.com.
[29]  
[13] 
[13]                             < M A T L A B (R) >
[13]                   Copyright 1984-2019 The MathWorks, Inc.
[13]               R2019a Update 3 (9.6.0.1135713) 64-bit (glnxa64)
[13]                                 June 5, 2019
[13] 
[33]  
[33] To get started, type doc.
[33] For product information, visit www.mathworks.com.
[33]  
[31]  
[31] To get started, type doc.
[31] For product information, visit www.mathworks.com.
[31]  
[6] 
[6]                             < M A T L A B (R) >
[6]                   Copyright 1984-2019 The MathWorks, Inc.
[6]               R2019a Update 3 (9.6.0.1135713) 64-bit (glnxa64)
[6]                                 June 5, 2019
[6] 
[30] 
[30]                             < M A T L A B (R) >
[30]                   Copyright 1984-2019 The MathWorks, Inc.
[30]               R2019a Update 3 (9.6.0.1135713) 64-bit (glnxa64)
[30]                                 June 5, 2019
[30] 
[7] 
[7]                             < M A T L A B (R) >
[7]                   Copyright 1984-2019 The MathWorks, Inc.
[7]               R2019a Update 3 (9.6.0.1135713) 64-bit (glnxa64)
[7]                                 June 5, 2019
[7] 
[23]  
[11] 
[11]                             < M A T L A B (R) >
[11]                   Copyright 1984-2019 The MathWorks, Inc.
[11]               R2019a Update 3 (9.6.0.1135713) 64-bit (glnxa64)
[11]                                 June 5, 2019
[11] 
[23] To get started, type doc.
[23] For product information, visit www.mathworks.com.
[23]  
[5]  
[5] To get started, type doc.
[5] For product information, visit www.mathworks.com.
[5]  
[19]  
[19] To get started, type doc.
[19] For product information, visit www.mathworks.com.
[19]  
[17]  
[3]  
[17] To get started, type doc.
[17] For product information, visit www.mathworks.com.
[17]  
[3] To get started, type doc.
[3] For product information, visit www.mathworks.com.
[3]  
[4]  
[9]  
[9] To get started, type doc.
[9] For product information, visit www.mathworks.com.
[9]  
[4] To get started, type doc.
[4] For product information, visit www.mathworks.com.
[4]  
[13]  
[13] To get started, type doc.
[13] For product information, visit www.mathworks.com.
[13]  
[30]  
[20]  
[20] To get started, type doc.
[20] For product information, visit www.mathworks.com.
[20]  
[7]  
[30] To get started, type doc.
[30] For product information, visit www.mathworks.com.
[30]  
[7] To get started, type doc.
[7] For product information, visit www.mathworks.com.
[7]  
[6]  
[6] To get started, type doc.
[6] For product information, visit www.mathworks.com.
[6]  
[11]  
[11] To get started, type doc.
[11] For product information, visit www.mathworks.com.
[11]  
[35] Fatal error in PMPI_Barrier: Other MPI error, error stack:
[35] PMPI_Barrier(425).........................: MPI_Barrier(comm=0xc4000000) failed
[35] MPIR_Barrier_impl(331)....................: Failure during collective
[35] MPIR_Barrier_impl(313)....................: 
[35] MPIR_Barrier_intra(83)....................: 
[35] MPIC_Sendrecv(195)........................: 
[35] MPIC_Wait(540)............................: 
[35] MPIDI_CH3i_Progress_wait(213).............: an error occurred while handling an event returned by MPIDU_Sock_Wait()
[35] MPIDI_CH3I_Progress_handle_sock_event(421): 
[35] MPIDU_Socki_handle_read(651)..............: connection failure (set=0,sock=17,errno=104:Connection reset by peer)
[35] MPIR_Barrier_intra(83)....................: 
[35] MPIC_Sendrecv(195)........................: 
[35] MPIC_Wait(540)............................: 
[35] MPIDI_CH3i_Progress_wait(213).............: an error occurred while handling an event returned by MPIDU_Sock_Wait()
[35] MPIDI_CH3I_Progress_handle_sock_event(421): 
[35] MPIDU_Socki_handle_read(651)..............: connection failure (set=0,sock=10,errno=104:Connection reset by peer)
[35] MPIR_Barrier_intra(83)....................: 
[35] MPIC_Sendrecv(195)........................: 
[35] MPIC_Wait(540)............................: 
[35] MPIDI_CH3i_Progress_wait(213).............: an error occurred while handling an event returned by MPIDU_Sock_Wait()
[35] MPIDI_CH3I_Progress_handle_sock_event(421): 
[35] MPIDU_Socki_handle_read(651)..............: connection failure (set=0,sock=20,errno=104:Connection reset by peer)
[35] 
[35] job aborted using terminate/kill:
[35] process: node: exit code: error message:
[35] 0: localhost: 1: Fatal error in PMPI_Barrier: Other MPI error, error stack:
[35] PMPI_Barrier(425).........................: MPI_Barrier(comm=0xc4000000) failed
[35] MPIR_Barrier_impl(331)....................: Failure during collective
[35] MPIR_Barrier_impl(313)....................: 
[35] MPIR_Barrier_intra(83)....................: 
[35] MPIC_Sendrecv(195)........................: 
[35] MPIC_Wait(540)............................: 
[35] MPIDI_CH3i_Progress_wait(213).............: an error occurred while handling an event returned by MPIDU_Sock_Wait()
[35] MPIDI_CH3I_Progress_handle_sock_event(421): 
[35] MPIDU_Socki_handle_read(651)..............: connection failure (set=0,sock=17,errno=104:Connection reset by peer)
[35] MPIR_Barrier_intra(83)....................: 
[35] MPIC_Sendrecv(195)........................: 
[35] MPIC_Wait(540)............................: 
[35] MPIDI_CH3i_Progress_wait(213).............: an error occurred while handling an event returned by MPIDU_Sock_Wait()
[35] MPIDI_CH3I_Progress_handle_sock_event(421): 
[35] MPIDU_Socki_handle_read(651)..............: connection failure (set=0,sock=10,errno=104:Connection reset by peer)
[35] MPIR_Barrier_intra(83)....................: 
[35] MPIC_Sendrecv(195)........................: 
[35] MPIC_Wait(540)............................: 
[35] MPIDI_CH3i_Progress_wait(213).............: an error occurred while handling an event returned by MPIDU_Sock_Wait()
[35] MPIDI_CH3I_Progress_handle_sock_event(421): 
[35] MPIDU_Socki_handle_read(651)..............: connection failure (set=0,sock=20,errno=104:Connection reset by peer)
[31] Fatal error in PMPI_Barrier: Other MPI error, error stack:
[31] PMPI_Barrier(425).........................: MPI_Barrier(comm=0xc4000000) failed
[31] MPIR_Barrier_impl(331)....................: Failure during collective
[31] MPIR_Barrier_impl(313)....................: 
[31] MPIR_Barrier_intra(83)....................: 
[31] MPIC_Sendrecv(195)........................: 
[31] MPIC_Wait(540)............................: 
[31] MPIDI_CH3i_Progress_wait(213).............: an error occurred while handling an event returned by MPIDU_Sock_Wait()
[31] MPIDI_CH3I_Progress_handle_sock_event(421): 
[31] MPIDU_Socki_handle_read(651)..............: connection failure (set=0,sock=25,errno=104:Connection reset by peer)
[31] 
[31] job aborted using terminate/kill:
[31] process: node: exit code: error message:
[31] 0: localhost: 1: Fatal error in PMPI_Barrier: Other MPI error, error stack:
[31] PMPI_Barrier(425).........................: MPI_Barrier(comm=0xc4000000) failed
[31] MPIR_Barrier_impl(331)....................: Failure during collective
[31] MPIR_Barrier_impl(313)....................: 
[31] MPIR_Barrier_intra(83)....................: 
[31] MPIC_Sendrecv(195)........................: 
[31] MPIC_Wait(540)............................: 
[31] MPIDI_CH3i_Progress_wait(213).............: an error occurred while handling an event returned by MPIDU_Sock_Wait()
[31] MPIDI_CH3I_Progress_handle_sock_event(421): 
[31] MPIDU_Socki_handle_read(651)..............: connection failure (set=0,sock=25,errno=104:Connection reset by peer)
[27] Fatal error in PMPI_Barrier: Other MPI error, error stack:
[27] PMPI_Barrier(425).........................: MPI_Barrier(comm=0xc4000000) failed
[27] MPIR_Barrier_impl(331)....................: Failure during collective
[27] MPIR_Barrier_impl(313)....................: 
[27] MPIR_Barrier_intra(83)....................: 
[27] MPIC_Sendrecv(195)........................: 
[27] MPIC_Wait(540)............................: 
[27] MPIDI_CH3i_Progress_wait(213).............: an error occurred while handling an event returned by MPIDU_Sock_Wait()
[27] MPIDI_CH3I_Progress_handle_sock_event(421): 
[27] MPIDU_Socki_handle_read(651)..............: connection failure (set=0,sock=16,errno=104:Connection reset by peer)
[27] MPIR_Barrier_intra(83)....................: 
[27] MPIC_Sendrecv(195)........................: 
[27] MPIC_Wait(540)............................: 
[27] MPIDI_CH3i_Progress_wait(213).............: an error occurred while handling an event returned by MPIDU_Sock_Wait()
[27] MPIDI_CH3I_Progress_handle_sock_event(421): 
[27] MPIDU_Socki_handle_read(651)..............: connection failure (set=0,sock=21,errno=104:Connection reset by peer)
[27] 
[27] job aborted using terminate/kill:
[27] process: node: exit code: error message:
[27] 0: localhost: 1: Fatal error in PMPI_Barrier: Other MPI error, error stack:
[27] PMPI_Barrier(425).........................: MPI_Barrier(comm=0xc4000000) failed
[27] MPIR_Barrier_impl(331)....................: Failure during collective
[27] MPIR_Barrier_impl(313)....................: 
[27] MPIR_Barrier_intra(83)....................: 
[27] MPIC_Sendrecv(195)........................: 
[27] MPIC_Wait(540)............................: 
[27] MPIDI_CH3i_Progress_wait(213).............: an error occurred while handling an event returned by MPIDU_Sock_Wait()
[27] MPIDI_CH3I_Progress_handle_sock_event(421): 
[27] MPIDU_Socki_handle_read(651)..............: connection failure (set=0,sock=16,errno=104:Connection reset by peer)
[27] MPIR_Barrier_intra(83)....................: 
[27] MPIC_Sendrecv(195)........................: 
[27] MPIC_Wait(540)............................: 
[27] MPIDI_CH3i_Progress_wait(213).............: an error occurred while handling an event returned by MPIDU_Sock_Wait()
[27] MPIDI_CH3I_Progress_handle_sock_event(421): 
[27] MPIDU_Socki_handle_read(651)..............: connection failure (set=0,sock=21,errno=104:Connection reset by peer)
[25] Fatal error in PMPI_Barrier: Other MPI error, error stack:
[25] PMPI_Barrier(425).........................: MPI_Barrier(comm=0xc4000000) failed
[25] MPIR_Barrier_impl(331)....................: Failure during collective
[25] MPIR_Barrier_impl(313)....................: 
[25] MPIR_Barrier_intra(83)....................: 
[25] MPIC_Sendrecv(195)........................: 
[25] MPIC_Wait(540)............................: 
[25] MPIDI_CH3i_Progress_wait(213).............: an error occurred while handling an event returned by MPIDU_Sock_Wait()
[25] MPIDI_CH3I_Progress_handle_sock_event(421): 
[25] MPIDU_Socki_handle_read(651)..............: connection failure (set=0,sock=14,errno=104:Connection reset by peer)
[25] MPIR_Barrier_intra(83)....................: 
[25] MPIC_Sendrecv(195)........................: 
[25] MPIC_Wait(540)............................: 
[25] MPIDI_CH3i_Progress_wait(213).............: an error occurred while handling an event returned by MPIDU_Sock_Wait()
[25] MPIDI_CH3I_Progress_handle_sock_event(421): 
[25] MPIDU_Socki_handle_read(651)..............: connection failure (set=0,sock=9,errno=104:Connection reset by peer)
[25] 
[25] job aborted using terminate/kill:
[25] process: node: exit code: error message:
[25] 0: localhost: 1: Fatal error in PMPI_Barrier: Other MPI error, error stack:
[25] PMPI_Barrier(425).........................: MPI_Barrier(comm=0xc4000000) failed
[25] MPIR_Barrier_impl(331)....................: Failure during collective
[25] MPIR_Barrier_impl(313)....................: 
[25] MPIR_Barrier_intra(83)....................: 
[25] MPIC_Sendrecv(195)........................: 
[25] MPIC_Wait(540)............................: 
[25] MPIDI_CH3i_Progress_wait(213).............: an error occurred while handling an event returned by MPIDU_Sock_Wait()
[25] MPIDI_CH3I_Progress_handle_sock_event(421): 
[25] MPIDU_Socki_handle_read(651)..............: connection failure (set=0,sock=14,errno=104:Connection reset by peer)
[25] MPIR_Barrier_intra(83)....................: 
[25] MPIC_Sendrecv(195)........................: 
[25] MPIC_Wait(540)............................: 
[25] MPIDI_CH3i_Progress_wait(213).............: an error occurred while handling an event returned by MPIDU_Sock_Wait()
[25] MPIDI_CH3I_Progress_handle_sock_event(421): 
[25] MPIDU_Socki_handle_read(651)..............: connection failure (set=0,sock=9,errno=104:Connection reset by peer)
[20] Fatal error in PMPI_Barrier: Other MPI error, error stack:
[20] PMPI_Barrier(425).........................: MPI_Barrier(comm=0xc4000000) failed
[20] MPIR_Barrier_impl(331)....................: Failure during collective
[20] MPIR_Barrier_impl(313)....................: 
[20] MPIR_Barrier_intra(83)....................: 
[20] MPIC_Sendrecv(195)........................: 
[20] MPIC_Wait(540)............................: 
[20] MPIDI_CH3i_Progress_wait(213).............: an error occurred while handling an event returned by MPIDU_Sock_Wait()
[20] MPIDI_CH3I_Progress_handle_sock_event(421): 
[20] MPIDU_Socki_handle_read(651)..............: connection failure (set=0,sock=19,errno=104:Connection reset by peer)
[20] MPIR_Barrier_intra(83)....................: 
[20] MPIC_Sendrecv(195)........................: 
[20] MPIC_Wait(540)............................: 
[20] MPIDI_CH3i_Progress_wait(213).............: an error occurred while handling an event returned by MPIDU_Sock_Wait()
[20] MPIDI_CH3I_Progress_handle_sock_event(421): 
[20] MPIDU_Socki_handle_read(651)..............: connection failure (set=0,sock=14,errno=104:Connection reset by peer)
[20] MPIR_Barrier_intra(83)....................: 
[20] MPIC_Sendrecv(195)........................: 
[20] MPIC_Wait(540)............................: 
[20] MPIDI_CH3i_Progress_wait(213).............: an error occurred while handling an event returned by MPIDU_Sock_Wait()
[20] MPIDI_CH3I_Progress_handle_sock_event(421): 
[20] MPIDU_Socki_handle_read(651)..............: connection failure (set=0,sock=21,errno=104:Connection reset by peer)
[20] 
[20] job aborted using terminate/kill:
[20] process: node: exit code: error message:
[20] 0: localhost: 1: Fatal error in PMPI_Barrier: Other MPI error, error stack:
[20] PMPI_Barrier(425).........................: MPI_Barrier(comm=0xc4000000) failed
[20] MPIR_Barrier_impl(331)....................: Failure during collective
[20] MPIR_Barrier_impl(313)....................: 
[20] MPIR_Barrier_intra(83)....................: 
[20] MPIC_Sendrecv(195)........................: 
[20] MPIC_Wait(540)............................: 
[20] MPIDI_CH3i_Progress_wait(213).............: an error occurred while handling an event returned by MPIDU_Sock_Wait()
[20] MPIDI_CH3I_Progress_handle_sock_event(421): 
[20] MPIDU_Socki_handle_read(651)..............: connection failure (set=0,sock=19,errno=104:Connection reset by peer)
[20] MPIR_Barrier_intra(83)....................: 
[20] MPIC_Sendrecv(195)........................: 
[20] MPIC_Wait(540)............................: 
[20] MPIDI_CH3i_Progress_wait(213).............: an error occurred while handling an event returned by MPIDU_Sock_Wait()
[20] MPIDI_CH3I_Progress_handle_sock_event(421): 
[20] MPIDU_Socki_handle_read(651)..............: connection failure (set=0,sock=14,errno=104:Connection reset by peer)
[20] MPIR_Barrier_intra(83)....................: 
[20] MPIC_Sendrecv(195)........................: 
[20] MPIC_Wait(540)............................: 
[20] MPIDI_CH3i_Progress_wait(213).............: an error occurred while handling an event returned by MPIDU_Sock_Wait()
[20] MPIDI_CH3I_Progress_handle_sock_event(421): 
[20] MPIDU_Socki_handle_read(651)..............: connection failure (set=0,sock=21,errno=104:Connection reset by peer)
[17] Fatal error in PMPI_Barrier: Other MPI error, error stack:
[17] PMPI_Barrier(425).........................: MPI_Barrier(comm=0xc4000000) failed
[17] MPIR_Barrier_impl(331)....................: Failure during collective
[17] MPIR_Barrier_impl(313)....................: 
[17] MPIR_Barrier_intra(83)....................: 
[17] MPIC_Sendrecv(195)........................: 
[17] MPIC_Wait(540)............................: 
[17] MPIDI_CH3i_Progress_wait(213).............: an error occurred while handling an event returned by MPIDU_Sock_Wait()
[17] MPIDI_CH3I_Progress_handle_sock_event(421): 
[17] MPIDU_Socki_handle_read(651)..............: connection failure (set=0,sock=9,errno=104:Connection reset by peer)
[17] MPIR_Barrier_intra(83)....................: 
[17] MPIC_Sendrecv(195)........................: 
[17] MPIC_Wait(540)............................: 
[17] MPIDI_CH3i_Progress_wait(213).............: an error occurred while handling an event returned by MPIDU_Sock_Wait()
[17] MPIDI_CH3I_Progress_handle_sock_event(421): 
[17] MPIDU_Socki_handle_read(651)..............: connection failure (set=0,sock=23,errno=104:Connection reset by peer)
[17] MPIR_Barrier_intra(83)....................: 
[17] MPIC_Sendrecv(195)........................: 
[17] MPIC_Wait(540)............................: 
[17] MPIDI_CH3i_Progress_wait(213).............: an error occurred while handling an event returned by MPIDU_Sock_Wait()
[17] MPIDI_CH3I_Progress_handle_sock_event(421): 
[17] MPIDU_Socki_handle_read(651)..............: connection failure (set=0,sock=16,errno=104:Connection reset by peer)
[17] MPIR_Barrier_intra(83)....................: 
[17] MPIC_Sendrecv(195)........................: 
[17] MPIC_Wait(540)............................: 
[17] MPIDI_CH3i_Progress_wait(213).............: an error occurred while handling an event returned by MPIDU_Sock_Wait()
[17] MPIDI_CH3I_Progress_handle_sock_event(421): 
[17] MPIDU_Socki_handle_read(651)..............: connection failure (set=0,sock=12,errno=104:Connection reset by peer)
[17] 
[17] job aborted using terminate/kill:
[17] process: node: exit code: error message:
[17] 0: localhost: 1: Fatal error in PMPI_Barrier: Other MPI error, error stack:
[17] PMPI_Barrier(425).........................: MPI_Barrier(comm=0xc4000000) failed
[17] MPIR_Barrier_impl(331)....................: Failure during collective
[17] MPIR_Barrier_impl(313)....................: 
[17] MPIR_Barrier_intra(83)....................: 
[17] MPIC_Sendrecv(195)........................: 
[17] MPIC_Wait(540)............................: 
[17] MPIDI_CH3i_Progress_wait(213).............: an error occurred while handling an event returned by MPIDU_Sock_Wait()
[17] MPIDI_CH3I_Progress_handle_sock_event(421): 
[17] MPIDU_Socki_handle_read(651)..............: connection failure (set=0,sock=9,errno=104:Connection reset by peer)
[17] MPIR_Barrier_intra(83)....................: 
[17] MPIC_Sendrecv(195)........................: 
[17] MPIC_Wait(540)............................: 
[17] MPIDI_CH3i_Progress_wait(213).............: an error occurred while handling an event returned by MPIDU_Sock_Wait()
[17] MPIDI_CH3I_Progress_handle_sock_event(421): 
[17] MPIDU_Socki_handle_read(651)..............: connection failure (set=0,sock=23,errno=104:Connection reset by peer)
[17] MPIR_Barrier_intra(83)....................: 
[17] MPIC_Sendrecv(195)........................: 
[17] MPIC_Wait(540)............................: 
[17] MPIDI_CH3i_Progress_wait(213).............: an error occurred while handling an event returned by MPIDU_Sock_Wait()
[17] MPIDI_CH3I_Progress_handle_sock_event(421): 
[17] MPIDU_Socki_handle_read(651)..............: connection failure (set=0,sock=16,errno=104:Connection reset by peer)
[17] MPIR_Barrier_intra(83)....................: 
[17] MPIC_Sendrecv(195)........................: 
[17] MPIC_Wait(540)............................: 
[17] MPIDI_CH3i_Progress_wait(213).............: an error occurred while handling an event returned by MPIDU_Sock_Wait()
[17] MPIDI_CH3I_Progress_handle_sock_event(421): 
[17] MPIDU_Socki_handle_read(651)..............: connection failure (set=0,sock=12,errno=104:Connection reset by peer)
[19] Fatal error in PMPI_Barrier: Other MPI error, error stack:
[19] PMPI_Barrier(425).........................: MPI_Barrier(comm=0xc4000000) failed
[19] MPIR_Barrier_impl(331)....................: Failure during collective
[19] MPIR_Barrier_impl(313)....................: 
[19] MPIR_Barrier_intra(83)....................: 
[19] MPIC_Sendrecv(195)........................: 
[19] MPIC_Wait(540)............................: 
[19] MPIDI_CH3i_Progress_wait(213).............: an error occurred while handling an event returned by MPIDU_Sock_Wait()
[19] MPIDI_CH3I_Progress_handle_sock_event(421): 
[19] MPIDU_Socki_handle_read(651)..............: connection failure (set=0,sock=21,errno=104:Connection reset by peer)
[19] MPIR_Barrier_intra(83)....................: 
[19] MPIC_Sendrecv(195)........................: 
[19] MPIC_Wait(540)............................: 
[19] MPIDI_CH3i_Progress_wait(213).............: an error occurred while handling an event returned by MPIDU_Sock_Wait()
[19] MPIDI_CH3I_Progress_handle_sock_event(421): 
[19] MPIDU_Socki_handle_read(651)..............: connection failure (set=0,sock=15,errno=104:Connection reset by peer)
[19] MPIR_Barrier_intra(83)....................: 
[19] MPIC_Sendrecv(195)........................: 
[19] MPIC_Wait(540)............................: 
[19] MPIDI_CH3i_Progress_wait(213).............: an error occurred while handling an event returned by MPIDU_Sock_Wait()
[19] MPIDI_CH3I_Progress_handle_sock_event(421): 
[19] MPIDU_Socki_handle_read(651)..............: connection failure (set=0,sock=22,errno=104:Connection reset by peer)
[19] 
[19] job aborted using terminate/kill:
[19] process: node: exit code: error message:
[19] 0: localhost: 1: Fatal error in PMPI_Barrier: Other MPI error, error stack:
[19] PMPI_Barrier(425).........................: MPI_Barrier(comm=0xc4000000) failed
[19] MPIR_Barrier_impl(331)....................: Failure during collective
[19] MPIR_Barrier_impl(313)....................: 
[19] MPIR_Barrier_intra(83)....................: 
[19] MPIC_Sendrecv(195)........................: 
[19] MPIC_Wait(540)............................: 
[19] MPIDI_CH3i_Progress_wait(213).............: an error occurred while handling an event returned by MPIDU_Sock_Wait()
[19] MPIDI_CH3I_Progress_handle_sock_event(421): 
[19] MPIDU_Socki_handle_read(651)..............: connection failure (set=0,sock=21,errno=104:Connection reset by peer)
[19] MPIR_Barrier_intra(83)....................: 
[19] MPIC_Sendrecv(195)........................: 
[19] MPIC_Wait(540)............................: 
[19] MPIDI_CH3i_Progress_wait(213).............: an error occurred while handling an event returned by MPIDU_Sock_Wait()
[19] MPIDI_CH3I_Progress_handle_sock_event(421): 
[19] MPIDU_Socki_handle_read(651)..............: connection failure (set=0,sock=15,errno=104:Connection reset by peer)
[19] MPIR_Barrier_intra(83)....................: 
[19] MPIC_Sendrecv(195)........................: 
[19] MPIC_Wait(540)............................: 
[19] MPIDI_CH3i_Progress_wait(213).............: an error occurred while handling an event returned by MPIDU_Sock_Wait()
[19] MPIDI_CH3I_Progress_handle_sock_event(421): 
[19] MPIDU_Socki_handle_read(651)..............: connection failure (set=0,sock=22,errno=104:Connection reset by peer)
[33] Internal Error: invalid error code 1689e90 (Ring ids do not match) in MPIR_Barrier_impl:313
[23] Fatal error in PMPI_Barrier: Other MPI error, error stack:
[23] PMPI_Barrier(425).........................: MPI_Barrier(comm=0xc4000000) failed
[23] MPIR_Barrier_impl(331)....................: Failure during collective
[23] MPIR_Barrier_impl(313)....................: 
[23] MPIR_Barrier_intra(83)....................: 
[23] MPIC_Sendrecv(195)........................: 
[23] MPIC_Wait(540)............................: 
[23] MPIDI_CH3i_Progress_wait(213).............: an error occurred while handling an event returned by MPIDU_Sock_Wait()
[23] MPIDI_CH3I_Progress_handle_sock_event(421): 
[23] MPIDU_Socki_handle_read(651)..............: connection failure (set=0,sock=17,errno=104:Connection reset by peer)
[23] MPIR_Barrier_intra(83)....................: 
[23] MPIC_Sendrecv(195)........................: 
[23] MPIC_Wait(540)............................: 
[23] MPIDI_CH3i_Progress_wait(213).............: an error occurred while handling an event returned by MPIDU_Sock_Wait()
[23] MPIDI_CH3I_Progress_handle_sock_event(421): 
[23] MPIDU_Socki_handle_read(651)..............: connection failure (set=0,sock=24,errno=104:Connection reset by peer)
[21] Fatal error in PMPI_Barrier: Other MPI error, error stack:
[21] PMPI_Barrier(425).........................: MPI_Barrier(comm=0xc4000000) failed
[21] MPIR_Barrier_impl(331)....................: Failure during collective
[21] MPIR_Barrier_impl(313)....................: 
[21] MPIR_Barrier_intra(83)....................: 
[21] MPIC_Sendrecv(195)........................: 
[21] MPIC_Wait(540)............................: 
[21] MPIDI_CH3i_Progress_wait(213).............: an error occurred while handling an event returned by MPIDU_Sock_Wait()
[21] MPIDI_CH3I_Progress_handle_sock_event(421): 
[21] MPIDU_Socki_handle_read(651)..............: connection failure (set=0,sock=18,errno=104:Connection reset by peer)
[21] MPIR_Barrier_intra(83)....................: 
[21] MPIC_Sendrecv(195)........................: 
[21] MPIC_Wait(540)............................: 
[21] MPIDI_CH3i_Progress_wait(213).............: an error occurred while handling an event returned by MPIDU_Sock_Wait()
[21] MPIDI_CH3I_Progress_handle_sock_event(421): 
[21] MPIDU_Socki_handle_read(651)..............: connection failure (set=0,sock=13,errno=104:Connection reset by peer)
[21] MPIR_Barrier_intra(83)....................: 
[21] MPIC_Sendrecv(195)........................: 
[21] MPIC_Wait(540)............................: 
[21] MPIDI_CH3i_Progress_wait(213).............: an error occurred while handling an event returned by MPIDU_Sock_Wait()
[21] MPIDI_CH3I_Progress_handle_sock_event(421): 
[21] MPIDU_Socki_handle_read(651)..............: connection failure (set=0,sock=19,errno=104:Connection reset by peer)
[32] Internal Error: invalid error code 1689e90 (Ring ids do not match) in MPIR_Barrier_impl:313
[23] 
[23] job aborted using terminate/kill:
[23] process: node: exit code: error message:
[23] 0: localhost: 1: Fatal error in PMPI_Barrier: Other MPI error, error stack:
[23] PMPI_Barrier(425).........................: MPI_Barrier(comm=0xc4000000) failed
[23] MPIR_Barrier_impl(331)....................: Failure during collective
[23] MPIR_Barrier_impl(313)....................: 
[23] MPIR_Barrier_intra(83)....................: 
[23] MPIC_Sendrecv(195)........................: 
[23] MPIC_Wait(540)............................: 
[23] MPIDI_CH3i_Progress_wait(213).............: an error occurred while handling an event returned by MPIDU_Sock_Wait()
[23] MPIDI_CH3I_Progress_handle_sock_event(421): 
[23] MPIDU_Socki_handle_read(651)..............: connection failure (set=0,sock=17,errno=104:Connection reset by peer)
[23] MPIR_Barrier_intra(83)....................: 
[23] MPIC_Sendrecv(195)........................: 
[23] MPIC_Wait(540)............................: 
[23] MPIDI_CH3i_Progress_wait(213).............: an error occurred while handling an event returned by MPIDU_Sock_Wait()
[23] MPIDI_CH3I_Progress_handle_sock_event(421): 
[23] MPIDU_Socki_handle_read(651)..............: connection failure (set=0,sock=24,errno=104:Connection reset by peer)
[21] 
[21] job aborted using terminate/kill:
[21] process: node: exit code: error message:
[21] 0: localhost: 1: Fatal error in PMPI_Barrier: Other MPI error, error stack:
[21] PMPI_Barrier(425).........................: MPI_Barrier(comm=0xc4000000) failed
[21] MPIR_Barrier_impl(331)....................: Failure during collective
[21] MPIR_Barrier_impl(313)....................: 
[21] MPIR_Barrier_intra(83)....................: 
[21] MPIC_Sendrecv(195)........................: 
[21] MPIC_Wait(540)............................: 
[21] MPIDI_CH3i_Progress_wait(213).............: an error occurred while handling an event returned by MPIDU_Sock_Wait()
[21] MPIDI_CH3I_Progress_handle_sock_event(421): 
[21] MPIDU_Socki_handle_read(651)..............: connection failure (set=0,sock=18,errno=104:Connection reset by peer)
[21] MPIR_Barrier_intra(83)....................: 
[21] MPIC_Sendrecv(195)........................: 
[21] MPIC_Wait(540)............................: 
[21] MPIDI_CH3i_Progress_wait(213).............: an error occurred while handling an event returned by MPIDU_Sock_Wait()
[21] MPIDI_CH3I_Progress_handle_sock_event(421): 
[21] MPIDU_Socki_handle_read(651)..............: connection failure (set=0,sock=13,errno=104:Connection reset by peer)
[21] MPIR_Barrier_intra(83)....................: 
[21] MPIC_Sendrecv(195)........................: 
[21] MPIC_Wait(540)............................: 
[21] MPIDI_CH3i_Progress_wait(213).............: an error occurred while handling an event returned by MPIDU_Sock_Wait()
[21] MPIDI_CH3I_Progress_handle_sock_event(421): 
[21] MPIDU_Socki_handle_read(651)..............: connection failure (set=0,sock=19,errno=104:Connection reset by peer)
[30] Internal Error: invalid error code 2889e90 (Ring ids do not match) in MPIR_Barrier_impl:313
[28] 
[28] job aborted using terminate/kill:
[28] process: node: exit code: error message:
[28] 0: localhost: 1: Fatal error in PMPI_Barrier: Other MPI error, error stack:
[28] PMPI_Barrier(425).........................: MPI_Barrier(comm=0xc4000000) failed
[28] MPIR_Barrier_impl(331)....................: Failure during collective
[28] MPIR_Barrier_impl(313)....................: 
[28] MPIR_Barrier_intra(83)....................: 
[28] MPIC_Sendrecv(195)........................: 
[28] MPIC_Wait(540)............................: 
[28] MPIDI_CH3i_Progress_wait(213).............: an error occurred while handling an event returned by MPIDU_Sock_Wait()
[28] MPIDI_CH3I_Progress_handle_sock_event(421): 
[28] MPIDU_Socki_handle_read(651)..............: connection failure (set=0,sock=15,errno=104:Connection reset by peer)
[28] MPIR_Barrier_intra(83)....................: 
[28] MPIC_Sendrecv(195)........................: 
[28] MPIC_Wait(540)............................: 
[28] MPIDI_CH3i_Progress_wait(213).............: an error occurred while handling an event returned by MPIDU_Sock_Wait()
[28] MPIDI_CH3I_Progress_handle_sock_event(421): 
[28] MPIDU_Socki_handle_read(651)..............: connection failure (set=0,sock=22,errno=104:Connection reset by peer)
[28] Fatal error in PMPI_Barrier: Other MPI error, error stack:
[28] PMPI_Barrier(425).........................: MPI_Barrier(comm=0xc4000000) failed
[28] MPIR_Barrier_impl(331)....................: Failure during collective
[28] MPIR_Barrier_impl(313)....................: 
[28] MPIR_Barrier_intra(83)....................: 
[28] MPIC_Sendrecv(195)........................: 
[28] MPIC_Wait(540)............................: 
[28] MPIDI_CH3i_Progress_wait(213).............: an error occurred while handling an event returned by MPIDU_Sock_Wait()
[28] MPIDI_CH3I_Progress_handle_sock_event(421): 
[28] MPIDU_Socki_handle_read(651)..............: connection failure (set=0,sock=15,errno=104:Connection reset by peer)
[28] MPIR_Barrier_intra(83)....................: 
[28] MPIC_Sendrecv(195)........................: 
[28] MPIC_Wait(540)............................: 
[28] MPIDI_CH3i_Progress_wait(213).............: an error occurred while handling an event returned by MPIDU_Sock_Wait()
[28] MPIDI_CH3I_Progress_handle_sock_event(421): 
[28] MPIDU_Socki_handle_read(651)..............: connection failure (set=0,sock=22,errno=104:Connection reset by peer)
[26] Internal Error: invalid error code 2589e90 (Ring ids do not match) in MPIR_Barrier_impl:313
[24] 
[24] job aborted using terminate/kill:
[24] process: node: exit code: error message:
[24] 0: localhost: 1: Fatal error in PMPI_Barrier: Other MPI error, error stack:
[24] PMPI_Barrier(425).........................: MPI_Barrier(comm=0xc4000000) failed
[24] MPIR_Barrier_impl(331)....................: Failure during collective
[24] MPIR_Barrier_impl(313)....................: 
[24] MPIR_Barrier_intra(83)....................: 
[24] MPIC_Sendrecv(195)........................: 
[24] MPIC_Wait(540)............................: 
[24] MPIDI_CH3i_Progress_wait(213).............: an error occurred while handling an event returned by MPIDU_Sock_Wait()
[24] MPIDI_CH3I_Progress_handle_sock_event(421): 
[24] MPIDU_Socki_handle_read(651)..............: connection failure (set=0,sock=17,errno=104:Connection reset by peer)
[24] MPIR_Barrier_intra(83)....................: 
[24] MPIC_Sendrecv(195)........................: 
[24] MPIC_Wait(540)............................: 
[24] MPIDI_CH3i_Progress_wait(213).............: an error occurred while handling an event returned by MPIDU_Sock_Wait()
[24] MPIDI_CH3I_Progress_handle_sock_event(421): 
[24] MPIDU_Socki_handle_read(651)..............: connection failure (set=0,sock=23,errno=104:Connection reset by peer)
[24] Fatal error in PMPI_Barrier: Other MPI error, error stack:
[24] PMPI_Barrier(425).........................: MPI_Barrier(comm=0xc4000000) failed
[24] MPIR_Barrier_impl(331)....................: Failure during collective
[24] MPIR_Barrier_impl(313)....................: 
[24] MPIR_Barrier_intra(83)....................: 
[24] MPIC_Sendrecv(195)........................: 
[24] MPIC_Wait(540)............................: 
[24] MPIDI_CH3i_Progress_wait(213).............: an error occurred while handling an event returned by MPIDU_Sock_Wait()
[24] MPIDI_CH3I_Progress_handle_sock_event(421): 
[24] MPIDU_Socki_handle_read(651)..............: connection failure (set=0,sock=17,errno=104:Connection reset by peer)
[24] MPIR_Barrier_intra(83)....................: 
[24] MPIC_Sendrecv(195)........................: 
[24] MPIC_Wait(540)............................: 
[24] MPIDI_CH3i_Progress_wait(213).............: an error occurred while handling an event returned by MPIDU_Sock_Wait()
[24] MPIDI_CH3I_Progress_handle_sock_event(421): 
[24] MPIDU_Socki_handle_read(651)..............: connection failure (set=0,sock=23,errno=104:Connection reset by peer)
[16] Fatal error in PMPI_Barrier: Other MPI error, error stack:
[16] PMPI_Barrier(425).........................: MPI_Barrier(comm=0xc4000000) failed
[16] MPIR_Barrier_impl(331)....................: Failure during collective
[16] MPIR_Barrier_impl(313)....................: 
[16] MPIR_Barrier_intra(83)....................: 
[16] MPIC_Sendrecv(195)........................: 
[16] MPIC_Wait(540)............................: 
[16] MPIDI_CH3i_Progress_wait(213).............: an error occurred while handling an event returned by MPIDU_Sock_Wait()
[16] MPIDI_CH3I_Progress_handle_sock_event(421): 
[16] MPIDU_Socki_handle_read(651)..............: connection failure (set=0,sock=20,errno=104:Connection reset by peer)
[16] MPIR_Barrier_intra(83)....................: 
[16] MPIC_Sendrecv(195)........................: 
[16] MPIC_Wait(540)............................: 
[16] MPIDI_CH3i_Progress_wait(213).............: an error occurred while handling an event returned by MPIDU_Sock_Wait()
[16] MPIDI_CH3I_Progress_handle_sock_event(421): 
[16] MPIDU_Socki_handle_read(651)..............: connection failure (set=0,sock=12,errno=104:Connection reset by peer)
[16] MPIR_Barrier_intra(83)....................: 
[16] MPIC_Sendrecv(195)........................: 
[16] MPIC_Wait(540)............................: 
[16] MPIDI_CH3i_Progress_wait(213).............: an error occurred while handling an event returned by MPIDU_Sock_Wait()
[16] MPIDI_CH3I_Progress_handle_sock_event(421): 
[16] MPIDU_Socki_handle_read(651)..............: connection failure (set=0,sock=23,errno=104:Connection reset by peer)
[16] MPIR_Barrier_intra(83)....................: 
[16] MPIC_Sendrecv(195)........................: 
[16] MPIC_Wait(540)............................: 
[16] MPIDI_CH3i_Progress_wait(213).............: an error occurred while handling an event returned by MPIDU_Sock_Wait()
[16] MPIDI_CH3I_Progress_handle_sock_event(421): 
[16] MPIDU_Socki_handle_read(651)..............: connection failure (set=0,sock=25,errno=104:Connection reset by peer)
[16] MPIR_Barrier_intra(83)....................: 
[16] MPIC_Sendrecv(195)........................: 
[16] MPIC_Wait(540)............................: 
[16] MPIDI_CH3i_Progress_wait(213).............: an error occurred while handling an event returned by MPIDU_Sock_Wait()
[16] MPIDI_CH3I_Progress_handle_sock_event(421): 
[16] MPIDU_Socki_handle_read(651)..............: connection failure (set=0,sock=22,errno=104:Connection reset by peer)
[16] 
[16] job aborted using terminate/kill:
[16] process: node: exit code: error message:
[16] 0: localhost: 1: Fatal error in PMPI_Barrier: Other MPI error, error stack:
[16] PMPI_Barrier(425).........................: MPI_Barrier(comm=0xc4000000) failed
[16] MPIR_Barrier_impl(331)....................: Failure during collective
[16] MPIR_Barrier_impl(313)....................: 
[16] MPIR_Barrier_intra(83)....................: 
[16] MPIC_Sendrecv(195)........................: 
[16] MPIC_Wait(540)............................: 
[16] MPIDI_CH3i_Progress_wait(213).............: an error occurred while handling an event returned by MPIDU_Sock_Wait()
[16] MPIDI_CH3I_Progress_handle_sock_event(421): 
[16] MPIDU_Socki_handle_read(651)..............: connection failure (set=0,sock=20,errno=104:Connection reset by peer)
[16] MPIR_Barrier_intra(83)....................: 
[16] MPIC_Sendrecv(195)........................: 
[16] MPIC_Wait(540)............................: 
[16] MPIDI_CH3i_Progress_wait(213).............: an error occurred while handling an event returned by MPIDU_Sock_Wait()
[16] MPIDI_CH3I_Progress_handle_sock_event(421): 
[16] MPIDU_Socki_handle_read(651)..............: connection failure (set=0,sock=12,errno=104:Connection reset by peer)
[16] MPIR_Barrier_intra(83)....................: 
[16] MPIC_Sendrecv(195)........................: 
[16] MPIC_Wait(540)............................: 
[16] MPIDI_CH3i_Progress_wait(213).............: an error occurred while handling an event returned by MPIDU_Sock_Wait()
[16] MPIDI_CH3I_Progress_handle_sock_event(421): 
[16] MPIDU_Socki_handle_read(651)..............: connection failure (set=0,sock=23,errno=104:Connection reset by peer)
[16] MPIR_Barrier_intra(83)....................: 
[16] MPIC_Sendrecv(195)........................: 
[16] MPIC_Wait(540)............................: 
[16] MPIDI_CH3i_Progress_wait(213).............: an error occurred while handling an event returned by MPIDU_Sock_Wait()
[16] MPIDI_CH3I_Progress_handle_sock_event(421): 
[16] MPIDU_Socki_handle_read(651)..............: connection failure (set=0,sock=25,errno=104:Connection reset by peer)
[16] MPIR_Barrier_intra(83)....................: 
[16] MPIC_Sendrecv(195)........................: 
[16] MPIC_Wait(540)............................: 
[16] MPIDI_CH3i_Progress_wait(213).............: an error occurred while handling an event returned by MPIDU_Sock_Wait()
[16] MPIDI_CH3I_Progress_handle_sock_event(421): 
[16] MPIDU_Socki_handle_read(651)..............: connection failure (set=0,sock=22,errno=104:Connection reset by peer)
[29] 
[29] --------------------------------------------------------------------------------
[29]        Segmentation violation detected at Sun Nov 29 08:24:09 2020 +0000
[29] --------------------------------------------------------------------------------
[29] 
[29] Configuration:
[29]   Crash Decoding           : Disabled - No sandbox or build area path
[29]   Crash Mode               : continue (default)
[29]   Default Encoding         : UTF-8
[29]   Deployed                 : false
[29]   GNU C Library            : 2.28 stable
[29]   Graphics Driver          : Unknown software 
[29]   Graphics card 1          : 0x1a03 ( 0x1a03 ) 0x2000 Version 0.0.0.0 (0-0-0)
[29]   Java Version             : Java 1.8.0_181-b13 with Oracle Corporation Java HotSpot(TM) 64-Bit Server VM mixed mode
[29]   MATLAB Architecture      : glnxa64
[29]   MATLAB Entitlement ID    : 1772200
[29]   MATLAB Root              : /lustre/sw/cse-matlab/MATLAB/R2019a
[29]   MATLAB Version           : 9.6.0.1135713 (R2019a) Update 3
[29]   OpenGL                   : software
[29]   Operating System         : "CentOS Linux release 8.1.1911 (Core) "
[29]   Process ID               : 72592
[29]   Processor ID             : x86 Family 6 Model 79 Stepping 1, GenuineIntel
[29]   Session Key              : 0b45e6f8-1714-49ab-a305-df570b1253db
[29]   Static TLS mitigation    : Disabled: Unable to open display
[29]   Window System            : No active display
[29] 
[29] Fault Count: 1
[29] 
[29] 
[29] Abnormal termination:
[29] Segmentation violation
[29] 
[29] Register State (from fault):
[29]   RAX = 000014af2bff8440  RBX = 5f6b636f535f5544
[29]   RCX = 000014ad429c64b6  RDX = 000014ad429c6290
[29]   RSP = 000014af2bff8428  RBP = 2e2e2e2e2e2e2936
[29]   RSI = 000014af2bff8420  RDI = 000014ad429c64a0
[29] 
[29]    R8 = fffffffffffffff0   R9 = 0000000000000073
[29]   R10 = 0000000000000000  R11 = 000014ad429c6290
[29]   R12 = 3435286574697277  R13 = 0000000000000001
[29]   R14 = 0000000000000000  R15 = 000014adbf4cbb00
[29] 
[29]   RIP = 000014adbf4833e1  EFL = 0000000000010202
[29] 
[29]    CS = 0033   FS = 0000   GS = 0000
[29] 
[29] Stack Trace (from fault):
[29] [  0] 0x000014adbf4833e1 /lustre/sw/cse-matlab/MATLAB/R2019a/toolbox/distcomp/private/../../../bin/glnxa64/libmwmpi.so+00353249
[29] [  1] 0x2e2e2e2e2e2e2e2e                                   <unknown-module>+00000000
[29] 
[29] ** This crash report has been saved to disk as /lustre/home/sc004/aa61/FacetedHyperSARA_clean/mnras_spatial/local_cluster_jobs/R2019a/Job9/matlab_crash_dump.72592-1 **
[29] 
[29] 
[29] 
[29] MATLAB is exiting because of fatal error
[22] 
[22] --------------------------------------------------------------------------------
[22]        Segmentation violation detected at Sun Nov 29 08:24:09 2020 +0000
[22] --------------------------------------------------------------------------------
[22] 
[22] Configuration:
[22]   Crash Decoding           : Disabled - No sandbox or build area path
[22]   Crash Mode               : continue (default)
[22]   Default Encoding         : UTF-8
[22]   Deployed                 : false
[22]   GNU C Library            : 2.28 stable
[22]   Graphics Driver          : Unknown software 
[22]   Graphics card 1          : 0x1a03 ( 0x1a03 ) 0x2000 Version 0.0.0.0 (0-0-0)
[22]   Java Version             : Java 1.8.0_181-b13 with Oracle Corporation Java HotSpot(TM) 64-Bit Server VM mixed mode
[22]   MATLAB Architecture      : glnxa64
[22]   MATLAB Entitlement ID    : 1772200
[22]   MATLAB Root              : /lustre/sw/cse-matlab/MATLAB/R2019a
[22]   MATLAB Version           : 9.6.0.1135713 (R2019a) Update 3
[22]   OpenGL                   : software
[22]   Operating System         : "CentOS Linux release 8.1.1911 (Core) "
[22]   Process ID               : 72606
[22]   Processor ID             : x86 Family 6 Model 79 Stepping 1, GenuineIntel
[22]   Session Key              : 5c07cd04-f29e-49aa-b17c-716a60d9656e
[22]   Static TLS mitigation    : Disabled: Unable to open display
[22]   Window System            : No active display
[22] 
[22] Fault Count: 1
[22] 
[22] 
[22] Abnormal termination:
[22] Segmentation violation
[22] 
[22] Register State (from fault):
[22]   RAX = 00001506d3ff8440  RBX = 5f6b636f535f5544
[22]   RCX = 00001504ea2b1c16  RDX = 00001504ea2b19f0
[22]   RSP = 00001506d3ff8428  RBP = 2e2e2e2e2e2e2936
[22]   RSI = 00001506d3ff8420  RDI = 00001504ea2b1c00
[22] 
[22]    R8 = fffffffffffffff0   R9 = 0000000000000073
[22]   R10 = 0000000000000000  R11 = 00001504ea2b19f0
[22]   R12 = 3435286574697277  R13 = 0000000000000001
[22]   R14 = 0000000000000000  R15 = 000015055f2c4b00
[22] 
[22]   RIP = 000015055f27c3e1  EFL = 0000000000010202
[22] 
[22]    CS = 0033   FS = 0000   GS = 0000
[22] 
[22] Stack Trace (from fault):
[22] [  0] 0x000015055f27c3e1 /lustre/sw/cse-matlab/MATLAB/R2019a/toolbox/distcomp/private/../../../bin/glnxa64/libmwmpi.so+00353249
[22] [  1] 0x2e2e2e2e2e2e2e2e                                   <unknown-module>+00000000
[22] 
[22] ** This crash report has been saved to disk as /lustre/home/sc004/aa61/FacetedHyperSARA_clean/mnras_spatial/local_cluster_jobs/R2019a/Job9/matlab_crash_dump.72606-1 **
[22] 
[22] 
[22] 
[22] MATLAB is exiting because of fatal error
