[2] 
[2]                             < M A T L A B (R) >
[2]                   Copyright 1984-2019 The MathWorks, Inc.
[2]               R2019a Update 3 (9.6.0.1135713) 64-bit (glnxa64)
[2]                                 June 5, 2019
[2] 
[2]  
[2] To get started, type doc.
[2] For product information, visit www.mathworks.com.
[2]  
[1] 
[1]                             < M A T L A B (R) >
[1]                   Copyright 1984-2019 The MathWorks, Inc.
[1]               R2019a Update 3 (9.6.0.1135713) 64-bit (glnxa64)
[1]                                 June 5, 2019
[1] 
[7] 
[7]                             < M A T L A B (R) >
[7]                   Copyright 1984-2019 The MathWorks, Inc.
[7]               R2019a Update 3 (9.6.0.1135713) 64-bit (glnxa64)
[7]                                 June 5, 2019
[7] 
[12] 
[12]                             < M A T L A B (R) >
[12]                   Copyright 1984-2019 The MathWorks, Inc.
[12]               R2019a Update 3 (9.6.0.1135713) 64-bit (glnxa64)
[12]                                 June 5, 2019
[12] 
[0] 
[0]                             < M A T L A B (R) >
[0]                   Copyright 1984-2019 The MathWorks, Inc.
[0]               R2019a Update 3 (9.6.0.1135713) 64-bit (glnxa64)
[0]                                 June 5, 2019
[0] 
[14] 
[14]                             < M A T L A B (R) >
[14]                   Copyright 1984-2019 The MathWorks, Inc.
[14]               R2019a Update 3 (9.6.0.1135713) 64-bit (glnxa64)
[14]                                 June 5, 2019
[14] 
[13] 
[13]                             < M A T L A B (R) >
[13]                   Copyright 1984-2019 The MathWorks, Inc.
[13]               R2019a Update 3 (9.6.0.1135713) 64-bit (glnxa64)
[13]                                 June 5, 2019
[13] 
[19] 
[19]                             < M A T L A B (R) >
[19]                   Copyright 1984-2019 The MathWorks, Inc.
[19]               R2019a Update 3 (9.6.0.1135713) 64-bit (glnxa64)
[19]                                 June 5, 2019
[19] 
[3] 
[3]                             < M A T L A B (R) >
[3]                   Copyright 1984-2019 The MathWorks, Inc.
[3]               R2019a Update 3 (9.6.0.1135713) 64-bit (glnxa64)
[3]                                 June 5, 2019
[3] 
[6] 
[6]                             < M A T L A B (R) >
[6]                   Copyright 1984-2019 The MathWorks, Inc.
[6]               R2019a Update 3 (9.6.0.1135713) 64-bit (glnxa64)
[6]                                 June 5, 2019
[6] 
[16] 
[16]                             < M A T L A B (R) >
[16]                   Copyright 1984-2019 The MathWorks, Inc.
[16]               R2019a Update 3 (9.6.0.1135713) 64-bit (glnxa64)
[16]                                 June 5, 2019
[16] 
[1]  
[1] To get started, type doc.
[1] For product information, visit www.mathworks.com.
[1]  
[5] 
[5]                             < M A T L A B (R) >
[5]                   Copyright 1984-2019 The MathWorks, Inc.
[5]               R2019a Update 3 (9.6.0.1135713) 64-bit (glnxa64)
[5]                                 June 5, 2019
[5] 
[4] 
[4]                             < M A T L A B (R) >
[4]                   Copyright 1984-2019 The MathWorks, Inc.
[4]               R2019a Update 3 (9.6.0.1135713) 64-bit (glnxa64)
[4]                                 June 5, 2019
[4] 
[10] 
[10]                             < M A T L A B (R) >
[10]                   Copyright 1984-2019 The MathWorks, Inc.
[10]               R2019a Update 3 (9.6.0.1135713) 64-bit (glnxa64)
[10]                                 June 5, 2019
[10] 
[17] 
[17]                             < M A T L A B (R) >
[17]                   Copyright 1984-2019 The MathWorks, Inc.
[17]               R2019a Update 3 (9.6.0.1135713) 64-bit (glnxa64)
[17]                                 June 5, 2019
[17] 
[11] 
[11]                             < M A T L A B (R) >
[11]                   Copyright 1984-2019 The MathWorks, Inc.
[11]               R2019a Update 3 (9.6.0.1135713) 64-bit (glnxa64)
[11]                                 June 5, 2019
[11] 
[7]  
[7] To get started, type doc.
[7] For product information, visit www.mathworks.com.
[7]  
[20] 
[20]                             < M A T L A B (R) >
[20]                   Copyright 1984-2019 The MathWorks, Inc.
[20]               R2019a Update 3 (9.6.0.1135713) 64-bit (glnxa64)
[20]                                 June 5, 2019
[20] 
[14]  
[14] To get started, type doc.
[14] For product information, visit www.mathworks.com.
[14]  
[13]  
[13] To get started, type doc.
[13] For product information, visit www.mathworks.com.
[13]  
[12]  
[12] To get started, type doc.
[12] For product information, visit www.mathworks.com.
[12]  
[19]  
[16]  
[0]  
[0] To get started, type doc.
[0] For product information, visit www.mathworks.com.
[0]  
[21] 
[21]                             < M A T L A B (R) >
[21]                   Copyright 1984-2019 The MathWorks, Inc.
[21]               R2019a Update 3 (9.6.0.1135713) 64-bit (glnxa64)
[21]                                 June 5, 2019
[21] 
[19] To get started, type doc.
[19] For product information, visit www.mathworks.com.
[19]  
[16] To get started, type doc.
[16] For product information, visit www.mathworks.com.
[16]  
[15] 
[15]                             < M A T L A B (R) >
[15]                   Copyright 1984-2019 The MathWorks, Inc.
[15]               R2019a Update 3 (9.6.0.1135713) 64-bit (glnxa64)
[15]                                 June 5, 2019
[15] 
[9] 
[9]                             < M A T L A B (R) >
[9]                   Copyright 1984-2019 The MathWorks, Inc.
[9]               R2019a Update 3 (9.6.0.1135713) 64-bit (glnxa64)
[9]                                 June 5, 2019
[9] 
[8] 
[8]                             < M A T L A B (R) >
[8]                   Copyright 1984-2019 The MathWorks, Inc.
[8]               R2019a Update 3 (9.6.0.1135713) 64-bit (glnxa64)
[8]                                 June 5, 2019
[8] 
[6]  
[6] To get started, type doc.
[6] For product information, visit www.mathworks.com.
[6]  
[3]  
[3] To get started, type doc.
[3] For product information, visit www.mathworks.com.
[3]  
[5]  
[5] To get started, type doc.
[5] For product information, visit www.mathworks.com.
[5]  
[4]  
[4] To get started, type doc.
[4] For product information, visit www.mathworks.com.
[4]  
[10]  
[10] To get started, type doc.
[10] For product information, visit www.mathworks.com.
[10]  
[18] 
[18]                             < M A T L A B (R) >
[18]                   Copyright 1984-2019 The MathWorks, Inc.
[18]               R2019a Update 3 (9.6.0.1135713) 64-bit (glnxa64)
[18]                                 June 5, 2019
[18] 
[17]  
[11]  
[11] To get started, type doc.
[11] For product information, visit www.mathworks.com.
[11]  
[17] To get started, type doc.
[17] For product information, visit www.mathworks.com.
[17]  
[20]  
[20] To get started, type doc.
[20] For product information, visit www.mathworks.com.
[20]  
[21]  
[21] To get started, type doc.
[21] For product information, visit www.mathworks.com.
[21]  
[9]  
[15]  
[15] To get started, type doc.
[15] For product information, visit www.mathworks.com.
[15]  
[9] To get started, type doc.
[9] For product information, visit www.mathworks.com.
[9]  
[8]  
[8] To get started, type doc.
[8] For product information, visit www.mathworks.com.
[8]  
[18]  
[18] To get started, type doc.
[18] For product information, visit www.mathworks.com.
[18]  
